<?xml version="1.0" encoding="UTF-8"?>
<!-- Generated by org.testng.reporters.JUnitXMLReporter -->
<testsuite hostname="DESKTOP-U0B8FSO" failures="1" tests="1" name="ChromeTest" time="3.27" errors="0" timestamp="28 May 2024 11:44:39 GMT">
  <testcase classname="TestNGDemo.ParallalExcutionInSelenium" name="selectAndOpenBrowser" time="3.248">
    <failure type="org.openqa.selenium.SessionNotCreatedException" message="session not created: This version of ChromeDriver only supports Chrome version 114
Current browser version is 125.0.6422.77 with binary path C:\Program Files\Google\Chrome\Application\chrome.exe
Build info: version: &amp;apos;3.14.0&amp;apos;, revision: &amp;apos;aacccce0&amp;apos;, time: &amp;apos;2018-08-02T20:19:58.91Z&amp;apos;
System info: host: &amp;apos;DESKTOP-U0B8FSO&amp;apos;, ip: &amp;apos;192.168.1.28&amp;apos;, os.name: &amp;apos;Windows 10&amp;apos;, os.arch: &amp;apos;amd64&amp;apos;, os.version: &amp;apos;10.0&amp;apos;, java.version: &amp;apos;17.0.5&amp;apos;
Driver info: driver.version: ChromeDriver
remote stacktrace: Backtrace:
	GetHandleVerifier [0x00BFA813+48355]
	(No symbol) [0x00B8C4B1]
	(No symbol) [0x00A95358]
	(No symbol) [0x00AB61AC]
	(No symbol) [0x00AB1EF3]
	(No symbol) [0x00AB0579]
	(No symbol) [0x00AE0C55]
	(No symbol) [0x00AE093C]
	(No symbol) [0x00ADA536]
	(No symbol) [0x00AB82DC]
	(No symbol) [0x00AB93DD]
	GetHandleVerifier [0x00E5AABD+2539405]
	GetHandleVerifier [0x00E9A78F+2800735]
	GetHandleVerifier [0x00E9456C+2775612]
	GetHandleVerifier [0x00C851E0+616112]
	(No symbol) [0x00B95F8C]
	(No symbol) [0x00B92328]
	(No symbol) [0x00B9240B]
	(No symbol) [0x00B84FF7]
	BaseThreadInitThunk [0x76B5FCC9+25]
	RtlGetAppContainerNamedObjectPath [0x77897CBE+286]
	RtlGetAppContainerNamedObjectPath [0x77897C8E+238]
">
      <![CDATA[org.openqa.selenium.SessionNotCreatedException: session not created: This version of ChromeDriver only supports Chrome version 114
Current browser version is 125.0.6422.77 with binary path C:\Program Files\Google\Chrome\Application\chrome.exe
Build info: version: '3.14.0', revision: 'aacccce0', time: '2018-08-02T20:19:58.91Z'
System info: host: 'DESKTOP-U0B8FSO', ip: '192.168.1.28', os.name: 'Windows 10', os.arch: 'amd64', os.version: '10.0', java.version: '17.0.5'
Driver info: driver.version: ChromeDriver
remote stacktrace: Backtrace:
	GetHandleVerifier [0x00BFA813+48355]
	(No symbol) [0x00B8C4B1]
	(No symbol) [0x00A95358]
	(No symbol) [0x00AB61AC]
	(No symbol) [0x00AB1EF3]
	(No symbol) [0x00AB0579]
	(No symbol) [0x00AE0C55]
	(No symbol) [0x00AE093C]
	(No symbol) [0x00ADA536]
	(No symbol) [0x00AB82DC]
	(No symbol) [0x00AB93DD]
	GetHandleVerifier [0x00E5AABD+2539405]
	GetHandleVerifier [0x00E9A78F+2800735]
	GetHandleVerifier [0x00E9456C+2775612]
	GetHandleVerifier [0x00C851E0+616112]
	(No symbol) [0x00B95F8C]
	(No symbol) [0x00B92328]
	(No symbol) [0x00B9240B]
	(No symbol) [0x00B84FF7]
	BaseThreadInitThunk [0x76B5FCC9+25]
	RtlGetAppContainerNamedObjectPath [0x77897CBE+286]
	RtlGetAppContainerNamedObjectPath [0x77897C8E+238]

	at org.openqa.selenium.remote.W3CHandshakeResponse.lambda$new$0(W3CHandshakeResponse.java:57)
	at org.openqa.selenium.remote.W3CHandshakeResponse.lambda$getResponseFunction$2(W3CHandshakeResponse.java:104)
	at org.openqa.selenium.remote.ProtocolHandshake.lambda$createSession$0(ProtocolHandshake.java:122)
	at java.base/java.util.stream.ReferencePipeline$3$1.accept(ReferencePipeline.java:197)
	at java.base/java.util.Spliterators$ArraySpliterator.tryAdvance(Spliterators.java:1002)
	at java.base/java.util.stream.ReferencePipeline.forEachWithCancel(ReferencePipeline.java:129)
	at java.base/java.util.stream.AbstractPipeline.copyIntoWithCancel(AbstractPipeline.java:527)
	at java.base/java.util.stream.AbstractPipeline.copyInto(AbstractPipeline.java:513)
	at java.base/java.util.stream.AbstractPipeline.wrapAndCopyInto(AbstractPipeline.java:499)
	at java.base/java.util.stream.FindOps$FindOp.evaluateSequential(FindOps.java:150)
	at java.base/java.util.stream.AbstractPipeline.evaluate(AbstractPipeline.java:234)
	at java.base/java.util.stream.ReferencePipeline.findFirst(ReferencePipeline.java:647)
	at org.openqa.selenium.remote.ProtocolHandshake.createSession(ProtocolHandshake.java:125)
	at org.openqa.selenium.remote.ProtocolHandshake.createSession(ProtocolHandshake.java:73)
	at org.openqa.selenium.remote.HttpCommandExecutor.execute(HttpCommandExecutor.java:136)
	at org.openqa.selenium.remote.service.DriverCommandExecutor.execute(DriverCommandExecutor.java:83)
	at org.openqa.selenium.remote.RemoteWebDriver.execute(RemoteWebDriver.java:548)
	at org.openqa.selenium.remote.RemoteWebDriver.startSession(RemoteWebDriver.java:212)
	at org.openqa.selenium.remote.RemoteWebDriver.<init>(RemoteWebDriver.java:130)
	at org.openqa.selenium.chrome.ChromeDriver.<init>(ChromeDriver.java:181)
	at org.openqa.selenium.chrome.ChromeDriver.<init>(ChromeDriver.java:168)
	at org.openqa.selenium.chrome.ChromeDriver.<init>(ChromeDriver.java:123)
	at TestNGDemo.ParallalExcutionInSelenium.selectAndOpenBrowser(ParallalExcutionInSelenium.java:24)
	at java.base/java.util.concurrent.FutureTask.run(FutureTask.java:264)
	at java.base/java.util.concurrent.ThreadPoolExecutor.runWorker(ThreadPoolExecutor.java:1136)
	at java.base/java.util.concurrent.ThreadPoolExecutor$Worker.run(ThreadPoolExecutor.java:635)
	at java.base/java.lang.Thread.run(Thread.java:833)
... Removed 21 stack frames]]>
    </failure>
  </testcase> <!-- selectAndOpenBrowser -->
</testsuite> <!-- ChromeTest -->
